2025-02-08 21:38:21 - Scraping data...
2025-02-08 21:38:21 - Scraping data...
All quarters printed 2022-23 Shai Gilgeous-Alexander
Processing: period 1, q1
Processing: period 2, q2
Processing: period 3, q3
Processing: period 4, q4
Shai Gilgeous-Alexander | Guard | Oklahoma City Thunder | NBA.com
2025-02-08 21:39:35 - Scraping data...
2025-02-08 21:39:35 - Scraping data...
All quarters printed 2023-24 Shai Gilgeous-Alexander
Processing: period 1, q1
Processing: period 2, q2
Processing: period 3, q3
Processing: period 4, q4
Shai Gilgeous-Alexander | Guard | Oklahoma City Thunder | NBA.com
2025-02-08 21:40:50 - Scraping data...
2025-02-08 21:40:50 - Scraping data...
All quarters printed 2022-23 Cason Wallace
Processing: period 1, q1
Processing: period 2, q2
Processing: period 3, q3
Processing: period 4, q4
Cason Wallace | Guard | Oklahoma City Thunder | NBA.com
2025-02-08 21:42:01 - Scraping data...
2025-02-08 21:42:01 - Scraping data...
All quarters printed 2023-24 Cason Wallace
Processing: period 1, q1
Processing: period 2, q2
Processing: period 3, q3
Processing: period 4, q4
Cason Wallace | Guard | Oklahoma City Thunder | NBA.com
2025-02-08 21:43:13 - Scraping data...
2025-02-08 21:43:13 - Scraping data...
All quarters printed 2022-23 Alex Caruso
Processing: period 1, q1
Processing: period 2, q2
Processing: period 3, q3
Processing: period 4, q4
Alex Caruso | Guard | Oklahoma City Thunder | NBA.com
2025-02-08 21:44:24 - Scraping data...
2025-02-08 21:44:24 - Scraping data...
All quarters printed 2023-24 Alex Caruso
Processing: period 1, q1
Processing: period 2, q2
Processing: period 3, q3
Processing: period 4, q4
Alex Caruso | Guard | Oklahoma City Thunder | NBA.com
2025-02-08 21:45:38 - Scraping data...
2025-02-08 21:45:38 - Scraping data...
All quarters printed 2022-23 Jalen Williams
Processing: period 1, q1
Processing: period 2, q2
Processing: period 3, q3
Processing: period 4, q4
Jalen Williams | Guard-Forward | Oklahoma City Thunder | NBA.com
2025-02-08 21:46:52 - Scraping data...
2025-02-08 21:46:52 - Scraping data...
All quarters printed 2023-24 Jalen Williams
Processing: period 1, q1
Processing: period 2, q2
Processing: period 3, q3
Processing: period 4, q4
Jalen Williams | Guard-Forward | Oklahoma City Thunder | NBA.com
2025-02-08 21:48:03 - Scraping data...
2025-02-08 21:48:03 - Scraping data...
All quarters printed 2022-23 Isaiah Hartenstein
Processing: period 1, q1
Processing: period 2, q2
Processing: period 3, q3
Processing: period 4, q4
Isaiah Hartenstein | Center-Forward | Oklahoma City Thunder | NBA.com
2025-02-08 21:49:17 - Scraping data...
2025-02-08 21:49:17 - Scraping data...
All quarters printed 2023-24 Isaiah Hartenstein
Processing: period 1, q1
Processing: period 2, q2
Processing: period 3, q3
Processing: period 4, q4
Isaiah Hartenstein | Center-Forward | Oklahoma City Thunder | NBA.com
2025-02-15 02:31:14 - Scraping data...
2025-02-15 02:31:14 - Scraping data...
All quarters printed 2022-23 Shai Gilgeous-Alexander
Processing: period 1, q1
Processing: period 2, q2
Processing: period 3, q3
Processing: period 4, q4
Shai Gilgeous-Alexander | Guard | Oklahoma City Thunder | NBA.com
2025-02-15 02:32:33 - Scraping data...
2025-02-15 02:32:33 - Scraping data...
All quarters printed 2023-24 Shai Gilgeous-Alexander
Processing: period 1, q1
Processing: period 2, q2
Processing: period 3, q3
Processing: period 4, q4
Shai Gilgeous-Alexander | Guard | Oklahoma City Thunder | NBA.com
2025-02-15 02:33:48 - Scraping data...
2025-02-15 02:33:48 - Scraping data...
All quarters printed 2022-23 Cason Wallace
Processing: period 1, q1
Processing: period 2, q2
Processing: period 3, q3
Processing: period 4, q4
Cason Wallace | Guard | Oklahoma City Thunder | NBA.com
2025-02-15 02:35:07 - Scraping data...
2025-02-15 02:35:07 - Scraping data...
All quarters printed 2023-24 Cason Wallace
Processing: period 1, q1
Processing: period 2, q2
Processing: period 3, q3
Processing: period 4, q4
Cason Wallace | Guard | Oklahoma City Thunder | NBA.com
2025-02-15 02:36:25 - Scraping data...
2025-02-15 02:36:25 - Scraping data...
All quarters printed 2022-23 Alex Caruso
Processing: period 1, q1
Processing: period 2, q2
Processing: period 3, q3
Processing: period 4, q4
Alex Caruso | Guard | Oklahoma City Thunder | NBA.com
2025-02-15 02:37:48 - Scraping data...
2025-02-15 02:37:48 - Scraping data...
All quarters printed 2023-24 Alex Caruso
Processing: period 1, q1
Processing: period 2, q2
Processing: period 3, q3
Processing: period 4, q4
Alex Caruso | Guard | Oklahoma City Thunder | NBA.com
2025-02-15 02:39:05 - Scraping data...
2025-02-15 02:39:05 - Scraping data...
All quarters printed 2022-23 Jalen Williams
Processing: period 1, q1
Processing: period 2, q2
Processing: period 3, q3
Processing: period 4, q4
Jalen Williams | Guard-Forward | Oklahoma City Thunder | NBA.com
2025-02-15 02:40:21 - Scraping data...
2025-02-15 02:40:21 - Scraping data...
All quarters printed 2023-24 Jalen Williams
Processing: period 1, q1
Processing: period 2, q2
Processing: period 3, q3
Processing: period 4, q4
Jalen Williams | Guard-Forward | Oklahoma City Thunder | NBA.com
2025-02-15 02:41:40 - Scraping data...
2025-02-15 02:41:40 - Scraping data...
All quarters printed 2022-23 Isaiah Hartenstein
Processing: period 1, q1
Processing: period 2, q2
Processing: period 3, q3
Processing: period 4, q4
Isaiah Hartenstein | Center-Forward | Oklahoma City Thunder | NBA.com
2025-02-15 02:43:00 - Scraping data...
2025-02-15 02:43:00 - Scraping data...
All quarters printed 2023-24 Isaiah Hartenstein
Processing: period 1, q1
Processing: period 2, q2
Processing: period 3, q3
Processing: period 4, q4
Isaiah Hartenstein | Center-Forward | Oklahoma City Thunder | NBA.com
2025-02-16 20:50:56 - Scraping data...
2025-02-16 20:50:56 - Scraping data...
All quarters printed 2022-23 Derrick White
Processing: period 1, q1
Processing: period 2, q2
Processing: period 3, q3
Processing: period 4, q4
Derrick White | Guard | Boston Celtics | NBA.com
2025-02-16 20:52:05 - Scraping data...
2025-02-16 20:52:05 - Scraping data...
All quarters printed 2023-24 Derrick White
Processing: period 1, q1
Processing: period 2, q2
Processing: period 3, q3
Processing: period 4, q4
Derrick White | Guard | Boston Celtics | NBA.com
2025-02-16 20:53:13 - Scraping data...
2025-02-16 20:53:13 - Scraping data...
All quarters printed 2022-23 Jayson Tatum
Processing: period 1, q1
Processing: period 2, q2
Processing: period 3, q3
Processing: period 4, q4
Jayson Tatum | Forward-Guard | Boston Celtics | NBA.com
2025-02-16 20:54:20 - Scraping data...
2025-02-16 20:54:20 - Scraping data...
All quarters printed 2023-24 Jayson Tatum
Processing: period 1, q1
Processing: period 2, q2
Processing: period 3, q3
Processing: period 4, q4
Jayson Tatum | Forward-Guard | Boston Celtics | NBA.com
2025-02-16 20:55:27 - Scraping data...
2025-02-16 20:55:27 - Scraping data...
All quarters printed 2022-23 Kristaps Porzingis
Processing: period 1, q1
Processing: period 2, q2
Processing: period 3, q3
Processing: period 4, q4
Kristaps Porzi??is | Forward-Center | Boston Celtics | NBA.com
2025-02-16 20:56:36 - Scraping data...
2025-02-16 20:56:36 - Scraping data...
All quarters printed 2023-24 Kristaps Porzingis
Processing: period 1, q1
Processing: period 2, q2
Processing: period 3, q3
Processing: period 4, q4
Kristaps Porzi??is | Forward-Center | Boston Celtics | NBA.com
2025-02-16 22:49:44 - Scraping data...
2025-02-16 22:49:44 - Scraping data...
All quarters printed 2022-23 Chris Paul
Processing: period 1, q1
Processing: period 2, q2
Processing: period 3, q3
Processing: period 4, q4
Chris Paul | Guard | San Antonio Spurs | NBA.com
2025-02-16 22:51:33 - Scraping data...
2025-02-16 22:51:33 - Scraping data...
All quarters printed 2023-24 Chris Paul
Processing: period 1, q1
Processing: period 2, q2
Processing: period 3, q3
Processing: period 4, q4
Function failed after retries: RetryError[<Future at 0x220b946e250 state=finished raised InvalidSessionIdException>]
2025-02-16 22:52:54 - Scraping data...
2025-02-16 22:52:54 - Scraping data...
All quarters printed 2022-23 De'Aaron Fox
Processing: period 1, q1
Processing: period 2, q2
Processing: period 3, q3
Processing: period 4, q4
De'Aaron Fox | Guard | San Antonio Spurs | NBA.com
2025-02-16 22:54:26 - Scraping data...
2025-02-16 22:54:26 - Scraping data...
All quarters printed 2023-24 De'Aaron Fox
Processing: period 1, q1
Processing: period 2, q2
Processing: period 3, q3
Processing: period 4, q4
De'Aaron Fox | Guard | San Antonio Spurs | NBA.com
2025-02-16 22:55:53 - Scraping data...
2025-02-16 22:55:53 - Scraping data...
All quarters printed 2022-23 Devin Vassell
Processing: period 1, q1
Processing: period 2, q2
Processing: period 3, q3
Processing: period 4, q4
Devin Vassell | Guard-Forward | San Antonio Spurs | NBA.com
2025-02-16 22:57:15 - Scraping data...
2025-02-16 22:57:15 - Scraping data...
All quarters printed 2023-24 Devin Vassell
Processing: period 1, q1
Processing: period 2, q2
Processing: period 3, q3
Processing: period 4, q4
Devin Vassell | Guard-Forward | San Antonio Spurs | NBA.com
2025-02-16 22:58:36 - Scraping data...
2025-02-16 22:58:36 - Scraping data...
All quarters printed 2022-23 Harrison Barnes
Processing: period 1, q1
Processing: period 2, q2
Processing: period 3, q3
Processing: period 4, q4
Harrison Barnes | Forward | San Antonio Spurs | NBA.com
2025-02-16 23:00:00 - Scraping data...
2025-02-16 23:00:00 - Scraping data...
All quarters printed 2023-24 Harrison Barnes
Processing: period 1, q1
Processing: period 2, q2
Processing: period 3, q3
Processing: period 4, q4
Harrison Barnes | Forward | San Antonio Spurs | NBA.com
2025-02-16 23:01:26 - Scraping data...
2025-02-16 23:01:26 - Scraping data...
All quarters printed 2022-23 Victor Wembanyama
Processing: period 1, q1
Processing: period 2, q2
Processing: period 3, q3
Processing: period 4, q4
Victor Wembanyama | Forward-Center | San Antonio Spurs | NBA.com
2025-02-16 23:02:53 - Scraping data...
2025-02-16 23:02:53 - Scraping data...
All quarters printed 2023-24 Victor Wembanyama
Processing: period 1, q1
Processing: period 2, q2
Processing: period 3, q3
Processing: period 4, q4
Victor Wembanyama | Forward-Center | San Antonio Spurs | NBA.com
2025-03-02 13:05:03 - Scraping data...
2025-03-02 13:05:03 - Scraping data...
Traceback (most recent call last):
  File "C:\Users\mandy\Documents\Github\web_scraping_sports\historic_player_data\his_player_scraper.py", line 182, in <module>
    scrape_data(player,season,main_folder,folder_year,quarter_data)
  File "C:\Users\mandy\Documents\Github\web_scraping_sports\myenv\Lib\site-packages\tenacity\__init__.py", line 336, in wrapped_f
    return copy(f, *args, **kw)
           ^^^^^^^^^^^^^^^^^^^^
  File "C:\Users\mandy\Documents\Github\web_scraping_sports\myenv\Lib\site-packages\tenacity\__init__.py", line 475, in __call__
    do = self.iter(retry_state=retry_state)
         ^^^^^^^^^^^^^^^^^^^^^^^^^^^^^^^^^^
  File "C:\Users\mandy\Documents\Github\web_scraping_sports\myenv\Lib\site-packages\tenacity\__init__.py", line 376, in iter
    result = action(retry_state)
             ^^^^^^^^^^^^^^^^^^^
  File "C:\Users\mandy\Documents\Github\web_scraping_sports\myenv\Lib\site-packages\tenacity\__init__.py", line 398, in <lambda>
    self._add_action_func(lambda rs: rs.outcome.result())
                                     ^^^^^^^^^^^^^^^^^^^
  File "C:\Users\mandy\AppData\Local\Programs\Python\Python311\Lib\concurrent\futures\_base.py", line 449, in result
    return self.__get_result()
           ^^^^^^^^^^^^^^^^^^^
  File "C:\Users\mandy\AppData\Local\Programs\Python\Python311\Lib\concurrent\futures\_base.py", line 401, in __get_result
    raise self._exception
  File "C:\Users\mandy\Documents\Github\web_scraping_sports\myenv\Lib\site-packages\tenacity\__init__.py", line 478, in __call__
    result = fn(*args, **kwargs)
             ^^^^^^^^^^^^^^^^^^^
  File "C:\Users\mandy\Documents\Github\web_scraping_sports\historic_player_data\his_player_scraper.py", line 82, in scrape_data
    time.sleep(3)
KeyboardInterrupt
2025-03-02 13:13:59 - Scraping data...
2025-03-02 13:13:59 - Scraping data...
All quarters printed 2022-23 Jayson Tatum
Processing: period 1, q1
Processing: period 2, q2
Processing: period 3, q3
Processing: period 4, q4
Jayson Tatum | Forward-Guard | Boston Celtics | NBA.com
2025-03-02 13:15:24 - Scraping data...
2025-03-02 13:15:24 - Scraping data...
All quarters printed 2023-24 Jayson Tatum
Processing: period 1, q1
Processing: period 2, q2
Processing: period 3, q3
Processing: period 4, q4
Jayson Tatum | Forward-Guard | Boston Celtics | NBA.com
2025-03-02 13:16:42 - Scraping data...
2025-03-02 13:16:42 - Scraping data...
All quarters printed 2022-23 Nikola Jokic
Processing: period 1, q1
Processing: period 2, q2
Processing: period 3, q3
Processing: period 4, q4
Nikola Joki? | Center | Denver Nuggets | NBA.com
2025-03-02 13:18:10 - Scraping data...
2025-03-02 13:18:10 - Scraping data...
All quarters printed 2023-24 Nikola Jokic
Processing: period 1, q1
Processing: period 2, q2
Processing: period 3, q3
Processing: period 4, q4
Nikola Joki? | Center | Denver Nuggets | NBA.com
2025-03-02 13:19:38 - Scraping data...
2025-03-02 13:19:38 - Scraping data...
All quarters printed 2022-23 Jamal Murray
Processing: period 1, q1
Processing: period 2, q2
Processing: period 3, q3
Processing: period 4, q4
Jamal Murray | Guard | Denver Nuggets | NBA.com
2025-03-02 13:21:01 - Scraping data...
2025-03-02 13:21:01 - Scraping data...
All quarters printed 2023-24 Jamal Murray
Processing: period 1, q1
Processing: period 2, q2
Processing: period 3, q3
Processing: period 4, q4
Jamal Murray | Guard | Denver Nuggets | NBA.com
2025-03-02 13:22:27 - Scraping data...
2025-03-02 13:22:27 - Scraping data...
All quarters printed 2022-23 Jaylen Brown
Processing: period 1, q1
Processing: period 2, q2
Processing: period 3, q3
Processing: period 4, q4
Jaylen Brown | Guard-Forward | Boston Celtics | NBA.com
2025-03-02 13:23:57 - Scraping data...
2025-03-02 13:23:57 - Scraping data...
All quarters printed 2023-24 Jaylen Brown
Processing: period 1, q1
Processing: period 2, q2
Processing: period 3, q3
Processing: period 4, q4
Jaylen Brown | Guard-Forward | Boston Celtics | NBA.com
2025-03-02 13:25:36 - Scraping data...
2025-03-02 13:25:36 - Scraping data...
All quarters printed 2022-23 Derrick White
Processing: period 1, q1
Processing: period 2, q2
Processing: period 3, q3
Processing: period 4, q4
Derrick White | Guard | Boston Celtics | NBA.com
2025-03-02 13:26:54 - Scraping data...
2025-03-02 13:26:54 - Scraping data...
All quarters printed 2023-24 Derrick White
Processing: period 1, q1
Processing: period 2, q2
Processing: period 3, q3
Processing: period 4, q4
Derrick White | Guard | Boston Celtics | NBA.com
2025-03-02 13:28:13 - Scraping data...
2025-03-02 13:28:13 - Scraping data...
All quarters printed 2022-23 Payton Pritchard
Processing: period 1, q1
Processing: period 2, q2
Processing: period 3, q3
Processing: period 4, q4
Payton Pritchard | Guard | Boston Celtics | NBA.com
2025-03-02 13:29:32 - Scraping data...
2025-03-02 13:29:32 - Scraping data...
All quarters printed 2023-24 Payton Pritchard
Processing: period 1, q1
Processing: period 2, q2
Processing: period 3, q3
Processing: period 4, q4
Payton Pritchard | Guard | Boston Celtics | NBA.com
2025-03-02 13:44:07 - Scraping data...
2025-03-02 13:44:07 - Scraping data...
All quarters printed 2022-23 Jayson Tatum
Processing: period 1, q1
Processing: period 2, q2
Processing: period 3, q3
Processing: period 4, q4
Jayson Tatum | Forward-Guard | Boston Celtics | NBA.com
2025-03-02 13:44:28 - Scraping data...
2025-03-02 13:44:28 - Scraping data...
All quarters printed 2022-23 Jayson Tatum
Processing: period 1, q1
Processing: period 2, q2
Processing: period 3, q3
Processing: period 4, q4
Jayson Tatum | Forward-Guard | Boston Celtics | NBA.com
2025-03-02 13:45:37 - Scraping data...
2025-03-02 13:45:37 - Scraping data...
All quarters printed 2023-24 Jayson Tatum
Processing: period 1, q1
Processing: period 2, q2
Processing: period 3, q3
Processing: period 4, q4
Jayson Tatum | Forward-Guard | Boston Celtics | NBA.com
2025-03-02 13:45:56 - Scraping data...
2025-03-02 13:45:56 - Scraping data...
All quarters printed 2023-24 Jayson Tatum
Processing: period 1, q1
Processing: period 2, q2
Processing: period 3, q3
Processing: period 4, q4
Jayson Tatum | Forward-Guard | Boston Celtics | NBA.com
2025-03-02 13:47:03 - Scraping data...
2025-03-02 13:47:03 - Scraping data...
All quarters printed 2022-23 Nikola Jokic
Processing: period 1, q1
Processing: period 2, q2
Processing: period 3, q3
Processing: period 4, q4
Nikola Joki? | Center | Denver Nuggets | NBA.com
2025-03-02 13:47:25 - Scraping data...
2025-03-02 13:47:25 - Scraping data...
All quarters printed 2022-23 Nikola Jokic
Processing: period 1, q1
Processing: period 2, q2
Processing: period 3, q3
Processing: period 4, q4
Nikola Joki? | Center | Denver Nuggets | NBA.com
2025-03-02 13:48:47 - Scraping data...
2025-03-02 13:48:47 - Scraping data...
Traceback (most recent call last):
  File "C:\Users\mandy\AppData\Local\Programs\Python\Python311\Lib\http\client.py", line 1374, in getresponse
    response.begin()
  File "C:\Users\mandy\AppData\Local\Programs\Python\Python311\Lib\http\client.py", line 318, in begin
    version, status, reason = self._read_status()
                              ^^^^^^^^^^^^^^^^^^^
  File "C:\Users\mandy\AppData\Local\Programs\Python\Python311\Lib\http\client.py", line 279, in _read_status
    line = str(self.fp.readline(_MAXLINE + 1), "iso-8859-1")
               ^^^^^^^^^^^^^^^^^^^^^^^^^^^^^^
  File "C:\Users\mandy\AppData\Local\Programs\Python\Python311\Lib\socket.py", line 706, in readinto
    return self._sock.recv_into(b)
           ^^^^^^^^^^^^^^^^^^^^^^^
ConnectionResetError: [WinError 10054] An existing connection was forcibly closed by the remote host

During handling of the above exception, another exception occurred:

Traceback (most recent call last):
  File "C:\Users\mandy\Documents\Github\web_scraping_sports\historic_player_data\his_player_scraper.py", line 182, in <module>
    scrape_data(player,season,main_folder,folder_year,quarter_data)
  File "C:\Users\mandy\Documents\Github\web_scraping_sports\myenv\Lib\site-packages\tenacity\__init__.py", line 336, in wrapped_f
    return copy(f, *args, **kw)
           ^^^^^^^^^^^^^^^^^^^^
  File "C:\Users\mandy\Documents\Github\web_scraping_sports\myenv\Lib\site-packages\tenacity\__init__.py", line 475, in __call__
    do = self.iter(retry_state=retry_state)
         ^^^^^^^^^^^^^^^^^^^^^^^^^^^^^^^^^^
  File "C:\Users\mandy\Documents\Github\web_scraping_sports\myenv\Lib\site-packages\tenacity\__init__.py", line 376, in iter
    result = action(retry_state)
             ^^^^^^^^^^^^^^^^^^^
  File "C:\Users\mandy\Documents\Github\web_scraping_sports\myenv\Lib\site-packages\tenacity\__init__.py", line 398, in <lambda>
    self._add_action_func(lambda rs: rs.outcome.result())
                                     ^^^^^^^^^^^^^^^^^^^
  File "C:\Users\mandy\AppData\Local\Programs\Python\Python311\Lib\concurrent\futures\_base.py", line 449, in result
    return self.__get_result()
           ^^^^^^^^^^^^^^^^^^^
  File "C:\Users\mandy\AppData\Local\Programs\Python\Python311\Lib\concurrent\futures\_base.py", line 401, in __get_result
    raise self._exception
  File "C:\Users\mandy\Documents\Github\web_scraping_sports\myenv\Lib\site-packages\tenacity\__init__.py", line 478, in __call__
    result = fn(*args, **kwargs)
             ^^^^^^^^^^^^^^^^^^^
  File "C:\Users\mandy\Documents\Github\web_scraping_sports\historic_player_data\his_player_scraper.py", line 89, in scrape_data
    driver.get(updated_url)  # Navigate to the updated URL
    ^^^^^^^^^^^^^^^^^^^^^^^
  File "C:\Users\mandy\Documents\Github\web_scraping_sports\myenv\Lib\site-packages\selenium\webdriver\remote\webdriver.py", line 454, in get
    self.execute(Command.GET, {"url": url})
  File "C:\Users\mandy\Documents\Github\web_scraping_sports\myenv\Lib\site-packages\selenium\webdriver\remote\webdriver.py", line 427, in execute
    response = self.command_executor.execute(driver_command, params)
               ^^^^^^^^^^^^^^^^^^^^^^^^^^^^^^^^^^^^^^^^^^^^^^^^^^^^^
  File "C:\Users\mandy\Documents\Github\web_scraping_sports\myenv\Lib\site-packages\selenium\webdriver\remote\remote_connection.py", line 404, in execute
    return self._request(command_info[0], url, body=data)
           ^^^^^^^^^^^^^^^^^^^^^^^^^^^^^^^^^^^^^^^^^^^^^^
  File "C:\Users\mandy\Documents\Github\web_scraping_sports\myenv\Lib\site-packages\selenium\webdriver\remote\remote_connection.py", line 428, in _request
    response = self._conn.request(method, url, body=body, headers=headers, timeout=self._client_config.timeout)
               ^^^^^^^^^^^^^^^^^^^^^^^^^^^^^^^^^^^^^^^^^^^^^^^^^^^^^^^^^^^^^^^^^^^^^^^^^^^^^^^^^^^^^^^^^^^^^^^^
  File "C:\Users\mandy\Documents\Github\web_scraping_sports\myenv\Lib\site-packages\urllib3\_request_methods.py", line 143, in request
    return self.request_encode_body(
           ^^^^^^^^^^^^^^^^^^^^^^^^^
  File "C:\Users\mandy\Documents\Github\web_scraping_sports\myenv\Lib\site-packages\urllib3\_request_methods.py", line 278, in request_encode_body
    return self.urlopen(method, url, **extra_kw)
           ^^^^^^^^^^^^^^^^^^^^^^^^^^^^^^^^^^^^^
  File "C:\Users\mandy\Documents\Github\web_scraping_sports\myenv\Lib\site-packages\urllib3\poolmanager.py", line 443, in urlopen
    response = conn.urlopen(method, u.request_uri, **kw)
               ^^^^^^^^^^^^^^^^^^^^^^^^^^^^^^^^^^^^^^^^^
  File "C:\Users\mandy\Documents\Github\web_scraping_sports\myenv\Lib\site-packages\urllib3\connectionpool.py", line 787, in urlopen
    response = self._make_request(
               ^^^^^^^^^^^^^^^^^^^
  File "C:\Users\mandy\Documents\Github\web_scraping_sports\myenv\Lib\site-packages\urllib3\connectionpool.py", line 534, in _make_request
    response = conn.getresponse()
               ^^^^^^^^^^^^^^^^^^
  File "C:\Users\mandy\Documents\Github\web_scraping_sports\myenv\Lib\site-packages\urllib3\connection.py", line 516, in getresponse
    httplib_response = super().getresponse()
                       ^^^^^^^^^^^^^^^^^^^^^
  File "C:\Users\mandy\AppData\Local\Programs\Python\Python311\Lib\http\client.py", line 1376, in getresponse
    self.close()
  File "C:\Users\mandy\Documents\Github\web_scraping_sports\myenv\Lib\site-packages\urllib3\connection.py", line 320, in close
    def close(self) -> None:

KeyboardInterrupt
2025-03-02 13:48:31 - Scraping data...
2025-03-02 13:48:31 - Scraping data...
All quarters printed 2023-24 Nikola Jokic
Processing: period 1, q1
Processing: period 2, q2
Processing: period 3, q3
Processing: period 4, q4
Nikola Joki? | Center | Denver Nuggets | NBA.com
